Arguments: 
  D:\Hadeel\Node\node.exe C:\SWSetup\bin\yarn.js install
  C:\Program Files\nodejs\node.exe C:\Users\USER\AppData\Roaming\npm\node_modules\yarn\bin\yarn.js add expo-image-picker

PATH: 
  C:\Program Files (x86)\Common Files\Intel\Shared Libraries\redist\intel64\compiler;C:\Python38\Scripts\;C:\Python38\;C:\oraclexe\app\oracle\product\11.2.0\server\bin;C:\Program Files (x86)\Intel\iCLS Client\;C:\Program Files\Intel\iCLS Client\;C:\windows\system32;C:\windows;C:\windows\System32\Wbem;C:\windows\System32\WindowsPowerShell\v1.0\;C:\Program Files (x86)\NVIDIA Corporation\PhysX\Common;C:\Program Files\Intel\IntelSGXPSW\bin\x64\Release\;C:\Program Files\Intel\IntelSGXPSW\bin\win32\Release\;C:\WINDOWS\system32;C:\WINDOWS;C:\WINDOWS\System32\Wbem;C:\WINDOWS\System32\WindowsPowerShell\v1.0\;C:\Program Files (x86)\Intel\Intel(R) Management Engine Components\DAL;C:\Program Files\Intel\Intel(R) Management Engine Components\DAL;C:\Program Files (x86)\Intel\Intel(R) Management Engine Components\IPT;C:\Program Files\Intel\Intel(R) Management Engine Components\IPT;C:\WINDOWS\System32\OpenSSH\;C:\Program Files\Git\cmd;C:\Users\Hadeel\AppData\Local\Programs\Python\Python38-32\Scripts;D:\Hadeel\Node\;C:\ProgramData\chocolatey\bin;C:\SWSetup\bin\;C:\Users\Hadeel\AppData\Local\Programs\Python\Python38-32\Scripts\;C:\Users\Hadeel\AppData\Local\Programs\Python\Python38-32\;C:\Program Files (x86)\Intel\iCLS Client\;C:\Program Files\Intel\iCLS Client\;C:\windows\system32;C:\windows;C:\windows\System32\Wbem;C:\windows\System32\WindowsPowerShell\v1.0\;C:\Program Files (x86)\Intel\Intel(R) Management Engine Components\DAL;C:\Program Files\Intel\Intel(R) Management Engine Components\DAL;C:\Program Files (x86)\Intel\Intel(R) Management Engine Components\IPT;C:\Program Files\Intel\Intel(R) Management Engine Components\IPT;C:\Program Files (x86)\NVIDIA Corporation\PhysX\Common;C:\Program Files\Intel\WiFi\bin\;C:\Program Files\Common Files\Intel\WirelessCommon\;C:\Program Files\Intel\IntelSGXPSW\bin\x64\Release\;C:\Program Files\Intel\IntelSGXPSW\bin\win32\Release\;C:\WINDOWS\system32;C:\WINDOWS;C:\WINDOWS\System32\Wbem;C:\WINDOWS\System32\WindowsPowerShell\v1.0\;C:\Users\Hadeel\AppData\Local\Microsoft\WindowsApps;C:\Users\Hadeel\AppData\Local\Microsoft\WindowsApps;C:\Users\Hadeel\AppData\Local\GitHubDesktop\bin;C:\Users\Hadeel\AppData\Local\Programs\Python\Python38-32\Scripts;;D:\Microsoft VS Code\bin;C:\Users\Hadeel\AppData\Roaming\npm;C:\Users\Hadeel\AppData\Local\Yarn\bin

Yarn version: 
  1.22.5

Node version: 
  12.18.3

Platform: 
  win32 x64

Trace: 
  Error: EPERM: operation not permitted, unlink 'C:\Users\Hadeel\Desktop\SWE444\GitHub\Eftan\node_modules\@babel\compat-data\node_modules\.bin'
  Error: EPERM: operation not permitted, unlink 'C:\Users\USER\Documents\GitHub\Eftan\node_modules\deep-assign\node_modules\is-obj'

npm manifest: 
  {
    "main": "node_modules/expo/AppEntry.js",
    "scripts": {
      "start": "expo start",
      "android": "expo start --android",
      "ios": "expo start --ios",
      "web": "expo start --web",
      "eject": "expo eject"
    },
    "dependencies": {
      "@codler/react-native-keyboard-aware-scroll-view": "^1.0.1",
      "@expo-google-fonts/tajawal": "^0.1.0",
      "@expo/webpack-config": "^0.12.30",
      "@react-native-community/masked-view": "0.1.10",
      "@react-navigation/native": "^5.7.3",
      "expo": "^38.0.0",
      "expo-image-picker": "~8.3.0",
      "expo-status-bar": "^1.0.0",
      "firebase": "^7.21.0",
      "formik": "^2.1.5",
      "native-base": "^2.13.14",
      "navigation": "^5.3.1",
      "react": "16.11.0",
      "react-dom": "16.11.0",
      "react-native": "^0.62.3",
      "react-native-document-picker": "^3.5.4",
      "react-native-elements": "^2.3.2",
      "react-native-fonts": "0.0.0",
      "react-native-gesture-handler": "~1.6.0",
      "react-native-keyboard-aware-scroll-view": "^0.9.2",
      "react-native-paper": "^4.1.0",
      "react-native-radio-form": "^1.1.0",
      "react-native-reanimated": "~1.9.0",
      "react-native-responsive-screen": "^1.4.1",
      "react-native-restart": "0.0.17",
      "react-native-safe-area-context": "~3.0.7",
      "react-native-screens": "~2.9.0",
      "react-native-simple-radio-button": "^2.7.4",
      "react-native-svg": "12.1.0",
      "react-native-web": "~0.11.7",
      "react-navigation": "^4.4.0",
      "react-navigation-stack": "^2.8.2",
      "react-router": "^5.2.0",
      "react-router-dom": "^5.2.0",
      "react-router-native": "^5.2.0",
      "react-with-direction": "^1.3.1",
      "yup": "^0.29.3"
    },
    "devDependencies": {
      "@babel/core": "^7.11.6",
      "babel-preset-expo": "^8.2.3"
    },
    "private": true
  }

yarn manifest: 
  No manifest

Lockfile: 
  No lockfile
